<?xml version="1.0" encoding="utf-8"?><testsuites name="pytest tests"><testsuite name="pytest" errors="0" failures="0" skipped="1" tests="214" time="20.071" timestamp="2026-07-27T01:34:05.987439+03:00" hostname="Deushare-MacMini-M1.local"><testcase classname="tests.test_agents.TestIntakeClassifier" name="test_classifier_passed_for_valid_parts" time="0.155" /><testcase classname="tests.test_agents.TestIntakeClassifier" name="test_classifier_failed_for_spam" time="0.117" /><testcase classname="tests.test_agents.TestVINInspector" name="test_vin_not_found" time="0.121" /><testcase classname="tests.test_agents.TestVINInspector" name="test_vin_found_and_decoded" time="0.116" /><testcase classname="tests.test_agents.TestPartsExtractor" name="test_keyword_extraction_brakepads" time="0.118" /><testcase classname="tests.test_agents.TestPartsExtractor" name="test_unknown_parts_fallback" time="0.119" /><testcase classname="tests.test_agents.TestSupplierScatterGather" name="test_matching_scatter_gather" time="0.141" /><testcase classname="tests.test_agents.TestPricingGuard" name="test_pricing_guard_evaluation" time="0.116" /><testcase classname="tests.test_agents.TestE2EAgentWorkflow" name="test_full_agent_workflow" time="0.120" /><testcase classname="tests.test_agents.TestE2EAgentWorkflow" name="test_process_intake_request_applies_pii_masking" time="0.124" /><testcase classname="tests.test_agents.TestE2EAgentWorkflow" name="test_parse_request_with_llm_system_prompt" time="0.151" /><testcase classname="tests.test_analog_resolver" name="test_classify_brand_tier" time="0.001" /><testcase classname="tests.test_analog_resolver" name="test_detect_oem_unavailability_scenarios" time="0.001" /><testcase classname="tests.test_analog_resolver" name="test_evaluate_analog_risk_penalties" time="0.000" /><testcase classname="tests.test_analog_resolver" name="test_rank_and_select_analogs_sorting" time="0.023" /><testcase classname="tests.test_api" name="test_read_main" time="0.164" /><testcase classname="tests.test_api" name="test_create_request_success" time="0.124" /><testcase classname="tests.test_api" name="test_create_request_failure" time="0.123" /><testcase classname="tests.test_api" name="test_create_request_with_typos" time="0.135" /><testcase classname="tests.test_api" name="test_get_suppliers" time="0.163" /><testcase classname="tests.test_api" name="test_supplier_crud_and_tables" time="0.176" /><testcase classname="tests.test_api" name="test_supplier_table_file_import" time="0.173" /><testcase classname="tests.test_api" name="test_contract_crawler_results_upload_imports_price_evidence" time="0.300" /><testcase classname="tests.test_api" name="test_supplier_table_row_update_and_bulk_update" time="0.146" /><testcase classname="tests.test_api" name="test_catalog_search" time="0.151" /><testcase classname="tests.test_api" name="test_invoice_generation" time="0.159" /><testcase classname="tests.test_api" name="test_invoice_requires_approval" time="0.225" /><testcase classname="tests.test_api" name="test_tenant_isolation_for_requests_and_invoices" time="0.174" /><testcase classname="tests.test_automation_pipeline" name="test_auto_advance_policy_logic" time="0.132" /><testcase classname="tests.test_automation_pipeline" name="test_auto_advance_job" time="0.120" /><testcase classname="tests.test_automation_pipeline" name="test_sla_watchdog_job" time="0.150" /><testcase classname="tests.test_automation_pipeline" name="test_supplier_recalc_job" time="0.144" /><testcase classname="tests.test_automation_pipeline" name="test_price_snapshot_job" time="0.132" /><testcase classname="tests.test_automation_pipeline" name="test_full_pipeline_graph_initializes" time="0.134" /><testcase classname="tests.test_client_portal" name="test_tracking_token_generation" time="0.154" /><testcase classname="tests.test_client_portal" name="test_public_view_returns_masked_data" time="0.124" /><testcase classname="tests.test_client_portal" name="test_accept_offer_transition" time="0.109" /><testcase classname="tests.test_client_portal" name="test_reject_offer_transition" time="0.212" /><testcase classname="tests.test_client_portal" name="test_invalid_token_returns_404" time="0.128" /><testcase classname="tests.test_client_portal" name="test_accept_already_accepted_request_fails" time="0.186" /><testcase classname="tests.test_contract_operations" name="test_contract_evidence_policy_review_and_export" time="0.276" /><testcase classname="tests.test_contract_operations" name="test_export_generates_internal_and_client_xlsx_from_same_registry" time="0.191" /><testcase classname="tests.test_contract_operations" name="test_incomplete_evidence_is_rejected_and_tenant_isolation" time="0.152" /><testcase classname="tests.test_contract_operations" name="test_policy_routes_price_spread_to_review" time="0.176" /><testcase classname="tests.test_contract_operations" name="test_contract_control_plane_tracks_requirements_gaps_export_and_purchase_lock" time="0.275" /><testcase classname="tests.test_contract_operations" name="test_purchase_receipt_archive_workflow_tail_is_enforced_and_audited" time="0.223" /><testcase classname="tests.test_contract_operations" name="test_contract_exception_lifecycle_is_audited" time="0.075" /><testcase classname="tests.test_contract_operations" name="test_stale_price_evidence_blocks_policy_and_export" time="0.127" /><testcase classname="tests.test_contract_operations" name="test_price_collection_requires_verified_oem_and_approved_analog" time="0.110" /><testcase classname="tests.test_contract_operations" name="test_unreadable_screenshot_is_rejected_before_price_evidence" time="0.095" /><testcase classname="tests.test_contract_operations" name="test_crawler_adapter_normalizes_deduplicates_and_skips_invalid_rows" time="0.003" /><testcase classname="tests.test_contract_operations" name="test_uploaded_crawler_payload_requires_absolute_screenshot_paths" time="0.000" /><testcase classname="tests.test_contract_operations" name="test_workflow_v2_blocks_forbidden_transitions_and_tracks_history" time="0.211" /><testcase classname="tests.test_contract_operations" name="test_contract_orchestrate_job_executes_agent_roles_without_bypassing_human_gate" time="0.158" /><testcase classname="tests.test_control_plane_readiness" name="test_control_plane_readiness_smoke" time="0.096" /><testcase classname="tests.test_database_config" name="test_default_settings" time="0.000" /><testcase classname="tests.test_database_config" name="test_custom_settings" time="0.001" /><testcase classname="tests.test_delivery_safety" name="test_sanitize_for_delivery_removes_injection" time="0.142" /><testcase classname="tests.test_delivery_safety" name="test_gate_delivery_safe_detects_injection" time="0.168" /><testcase classname="tests.test_delivery_safety" name="test_pdf_generation_content" time="0.105" /><testcase classname="tests.test_delivery_safety" name="test_email_adapter_dry_run_queues_message" time="0.119" /><testcase classname="tests.test_delivery_safety" name="test_telegram_adapter_dry_run_queues_message" time="0.125" /><testcase classname="tests.test_erp_adapter" name="test_hmac_webhook_signature_verification" time="0.102" /><testcase classname="tests.test_erp_adapter" name="test_sync_invoice_draft_dry_run" time="0.131" /><testcase classname="tests.test_erp_adapter" name="test_sync_invoice_draft_already_synced_idempotency" time="0.143" /><testcase classname="tests.test_erp_adapter" name="test_process_payment_webhook_updates_status" time="0.110" /><testcase classname="tests.test_erp_adapter" name="test_process_payment_webhook_idempotency_duplicate" time="0.101" /><testcase classname="tests.test_erp_adapter" name="test_retry_outbox_advances_to_dlq_on_max_attempts" time="0.104" /><testcase classname="tests.test_erp_adapter" name="test_process_payment_webhook_rejects_invalid_amount" time="0.100" /><testcase classname="tests.test_erp_adapter" name="test_webhook_secret_is_not_default" time="0.097" /><testcase classname="tests.test_events.TestEventEmission" name="test_emit_creates_event" time="0.019" /><testcase classname="tests.test_events.TestEventEmission" name="test_emit_sets_previous_hash_to_none_for_first_event" time="0.019" /><testcase classname="tests.test_events.TestEventEmission" name="test_emit_chains_events" time="0.019" /><testcase classname="tests.test_events.TestEventEmission" name="test_emit_different_requests_independent_chains" time="0.018" /><testcase classname="tests.test_events.TestEventEmission" name="test_emit_with_payload" time="0.019" /><testcase classname="tests.test_events.TestEventEmission" name="test_emit_state_change_convenience" time="0.018" /><testcase classname="tests.test_events.TestEventChainVerification" name="test_valid_chain" time="0.019" /><testcase classname="tests.test_events.TestEventChainVerification" name="test_empty_chain_is_valid" time="0.017" /><testcase classname="tests.test_events.TestEventChainVerification" name="test_get_events_chronological" time="0.020" /><testcase classname="tests.test_events.TestEventChainVerification" name="test_verify_event_chain_detects_payload_tamper" time="0.018" /><testcase classname="tests.test_gates" name="test_gate_pii_safe" time="0.000" /><testcase classname="tests.test_gates" name="test_gate_match_confidence" time="0.000" /><testcase classname="tests.test_gates" name="test_gate_pricing_policy" time="0.000" /><testcase classname="tests.test_gates" name="test_gate_delivery_safe" time="0.000" /><testcase classname="tests.test_gates" name="test_gate_erp_sync_valid" time="0.000" /><testcase classname="tests.test_intelligence" name="test_median_price_calculation" time="0.150" /><testcase classname="tests.test_intelligence" name="test_record_price_update" time="0.122" /><testcase classname="tests.test_intelligence" name="test_supplier_reliability_update" time="0.121" /><testcase classname="tests.test_intelligence" name="test_assess_return_risk" time="0.116" /><testcase classname="tests.test_intelligence" name="test_generate_purchase_order_drafts" time="0.116" /><testcase classname="tests.test_learning" name="test_save_manual_correction" time="0.023" /><testcase classname="tests.test_learning" name="test_calculate_system_accuracy" time="0.021" /><testcase classname="tests.test_llm.TestBudgetGuard" name="test_check_budget_no_config_returns_allowed" time="0.000" /><testcase classname="tests.test_llm.TestBudgetGuard" name="test_check_budget_within_limits" time="0.000" /><testcase classname="tests.test_llm.TestBudgetGuard" name="test_check_budget_hourly_limit_exceeded" time="0.000" /><testcase classname="tests.test_llm.TestBudgetGuard" name="test_check_budget_daily_cost_exceeded" time="0.000" /><testcase classname="tests.test_llm.TestBudgetGuard" name="test_record_usage_updates_stats" time="0.000" /><testcase classname="tests.test_llm.TestModelRouter" name="test_normal_priority_selects_default" time="0.000" /><testcase classname="tests.test_llm.TestModelRouter" name="test_urgent_priority_selects_reasoning" time="0.000" /><testcase classname="tests.test_llm.TestModelRouter" name="test_vip_priority_selects_reasoning" time="0.000" /><testcase classname="tests.test_llm.TestModelRouter" name="test_fast_priority_selects_fast_model" time="0.000" /><testcase classname="tests.test_llm.TestModelRouter" name="test_route_with_budget_allowed" time="0.000" /><testcase classname="tests.test_llm.TestModelRouter" name="test_route_with_budget_blocked" time="0.000" /><testcase classname="tests.test_llm.TestCallLLMRetryFallback" name="test_retry_then_success" time="0.003" /><testcase classname="tests.test_llm.TestCallLLMRetryFallback" name="test_fallback_to_second_provider" time="0.003" /><testcase classname="tests.test_llm.TestCallLLMRetryFallback" name="test_all_providers_fail_raises" time="0.003" /><testcase classname="tests.test_llm.TestCallLLMRetryFallback" name="test_budget_guard_blocks_call" time="0.001" /><testcase classname="tests.test_llm.TestCallLLMRetryFallback" name="test_disabled_provider_skipped" time="0.002" /><testcase classname="tests.test_llm.TestProviderStatus" name="test_get_provider_status" time="0.000" /><testcase classname="tests.test_llm.TestProviderStatus" name="test_reload_providers" time="0.000" /><testcase classname="tests.test_llm.TestProviderStatus" name="test_resolve_model_alias" time="0.000" /><testcase classname="tests.test_llm.TestCallLLMStream" name="test_stream_yields_chunks" time="0.004" /><testcase classname="tests.test_llm.TestCallLLMStream" name="test_stream_budget_blocked" time="0.001" /><testcase classname="tests.test_llm.TestCallLLMStream" name="test_stream_all_providers_fail" time="0.002" /><testcase classname="tests.test_llm.TestChatCompletionsEndpoint" name="test_endpoint_requires_user_message" time="0.003" /><testcase classname="tests.test_llm.TestChatCompletionsEndpoint" name="test_non_streaming_returns_json" time="0.002" /><testcase classname="tests.test_llm_circuit_breaker" name="test_circuit_breaker_opens_after_failures" time="6.034" /><testcase classname="tests.test_llm_circuit_breaker" name="test_circuit_breaker_resets_on_success" time="0.006" /><testcase classname="tests.test_matcher" name="test_matcher_top_3_and_median_deviation" time="0.111" /><testcase classname="tests.test_matcher" name="test_oem_match" time="0.006" /><testcase classname="tests.test_matcher" name="test_cross_brand_penalty" time="0.005" /><testcase classname="tests.test_matcher_n_plus_one" name="test_matcher_does_not_trigger_n_plus_one" time="0.005" /><testcase classname="tests.test_observability" name="test_correlation_id_middleware_injects_headers" time="0.128" /><testcase classname="tests.test_observability" name="test_llm_call_records_usage_log" time="0.106" /><testcase classname="tests.test_observability" name="test_observability_endpoints" time="0.108" /><testcase classname="tests.test_observability" name="test_request_gates_endpoint" time="0.106" /><testcase classname="tests.test_parser_guards" name="test_large_file_rejected_at_storage_level" time="0.112" /><testcase classname="tests.test_parser_guards" name="test_parser_rejects_too_many_rows" time="0.114" /><testcase classname="tests.test_pii.TestPhoneMasking" name="test_russian_phone_masked" time="0.000" /><testcase classname="tests.test_pii.TestPhoneMasking" name="test_phone_with_dashes" time="0.000" /><testcase classname="tests.test_pii.TestPhoneMasking" name="test_empty_phone" time="0.000" /><testcase classname="tests.test_pii.TestPhoneMasking" name="test_short_phone_returns_redacted" time="0.000" /><testcase classname="tests.test_pii.TestEmailMasking" name="test_basic_email" time="0.000" /><testcase classname="tests.test_pii.TestEmailMasking" name="test_email_without_at" time="0.000" /><testcase classname="tests.test_pii.TestEmailMasking" name="test_empty_email" time="0.000" /><testcase classname="tests.test_pii.TestEmailMasking" name="test_short_local_part" time="0.000" /><testcase classname="tests.test_pii.TestVINMasking" name="test_standard_vin" time="0.000" /><testcase classname="tests.test_pii.TestVINMasking" name="test_empty_vin" time="0.000" /><testcase classname="tests.test_pii.TestVINMasking" name="test_short_vin" time="0.000" /><testcase classname="tests.test_pii.TestNameMasking" name="test_full_name" time="0.000" /><testcase classname="tests.test_pii.TestNameMasking" name="test_single_name" time="0.000" /><testcase classname="tests.test_pii.TestNameMasking" name="test_empty_name" time="0.000" /><testcase classname="tests.test_pii.TestRequestMasking" name="test_mask_request_dict" time="0.000" /><testcase classname="tests.test_pii.TestLogMasking" name="test_phone_in_log" time="0.000" /><testcase classname="tests.test_pii.TestLogMasking" name="test_email_in_log" time="0.000" /><testcase classname="tests.test_pii.TestLogMasking" name="test_vin_in_log" time="0.000" /><testcase classname="tests.test_pii.TestLogMasking" name="test_clean_text_unchanged" time="0.000" /><testcase classname="tests.test_pipeline_integration" name="test_full_pipeline_runs_successfully" time="0.154" /><testcase classname="tests.test_pipeline_integration" name="test_pipeline_creates_request_with_original_ref" time="0.148" /><testcase classname="tests.test_pipeline_integration" name="test_pipeline_status_flow" time="0.148" /><testcase classname="tests.test_pipeline_integration" name="test_approval_workflow_continues_pipeline" time="0.160" /><testcase classname="tests.test_pipeline_integration" name="test_reject_workflow" time="0.146" /><testcase classname="tests.test_pipeline_integration" name="test_client_portal_tracking_token_flow" time="0.160" /><testcase classname="tests.test_pipeline_integration" name="test_client_portal_reject_flow" time="0.150" /><testcase classname="tests.test_pipeline_integration" name="test_delivery_logs_stored" time="0.149" /><testcase classname="tests.test_pipeline_integration" name="test_generate_tracking_token_endpoint_creates_token" time="0.145" /><testcase classname="tests.test_postgres_integration" name="test_postgres_crud" time="0.000"><skipped type="pytest.skip" message="PostgreSQL integration test requires DATABASE_URL to start with postgresql://">/Users/user/projects/Danila master/partsops-ai-manager/tests/test_postgres_integration.py:22: PostgreSQL integration test requires DATABASE_URL to start with postgresql://</skipped></testcase><testcase classname="tests.test_pricing.TestMarginGuard" name="test_default_margin_ok" time="0.000" /><testcase classname="tests.test_pricing.TestMarginGuard" name="test_default_margin_fail" time="0.000" /><testcase classname="tests.test_pricing.TestMarginGuard" name="test_non_returnable_policy" time="0.000" /><testcase classname="tests.test_pricing.TestMarginGuard" name="test_original_bmw_policy" time="0.000" /><testcase classname="tests.test_pricing.TestMarginGuard" name="test_zero_purchase_price" time="0.000" /><testcase classname="tests.test_pricing.TestMarginGuard" name="test_high_risk_supplier_policy" time="0.000" /><testcase classname="tests.test_pricing.TestPricingFormula" name="test_basic_pricing" time="0.000" /><testcase classname="tests.test_pricing.TestPricingFormula" name="test_urgency_buffer_applied" time="0.000" /><testcase classname="tests.test_pricing.TestPricingFormula" name="test_low_reliability_adds_risk_buffer" time="0.000" /><testcase classname="tests.test_pricing.TestPricingFormula" name="test_non_returnable_min_margin_higher" time="0.000" /><testcase classname="tests.test_pricing.TestPricingFormula" name="test_price_anomaly_detected" time="0.000" /><testcase classname="tests.test_pricing.TestPricingFormula" name="test_no_price_anomaly" time="0.000" /><testcase classname="tests.test_pricing.TestPricingFormula" name="test_auto_approve_allowed_when_clean" time="0.000" /><testcase classname="tests.test_pricing.TestPricingFormula" name="test_auto_approve_blocked_on_anomaly" time="0.000" /><testcase classname="tests.test_pricing.TestPricingFormula" name="test_auto_approve_blocked_non_returnable" time="0.000" /><testcase classname="tests.test_pricing.TestPricingFormula" name="test_tax_20_percent" time="0.000" /><testcase classname="tests.test_pricing.TestPricingFormula" name="test_invalid_tax_rate_violation" time="0.000" /><testcase classname="tests.test_pricing.TestPricingFormula" name="test_high_margin_warning" time="0.000" /><testcase classname="tests.test_rate_limiter" name="test_allows_within_limit" time="0.000" /><testcase classname="tests.test_rate_limiter" name="test_blocks_over_limit" time="0.000" /><testcase classname="tests.test_rate_limiter" name="test_independent_tenants" time="0.000" /><testcase classname="tests.test_rbac_isolation" name="test_tenant_isolation_on_requests" time="0.115" /><testcase classname="tests.test_rbac_isolation" name="test_tenant_isolation_on_suppliers" time="0.198" /><testcase classname="tests.test_rbac_isolation" name="test_token_required_for_tenant_access" time="0.129" /><testcase classname="tests.test_rbac_isolation_stress" name="test_signed_token_isolation" time="0.010" /><testcase classname="tests.test_rbac_isolation_stress" name="test_header_spoofing_prevention" time="0.006" /><testcase classname="tests.test_rbac_isolation_stress" name="test_cross_tenant_mutation_prevention" time="0.006" /><testcase classname="tests.test_rbac_isolation_stress" name="test_role_escalation_prevention" time="0.005" /><testcase classname="tests.test_rbac_isolation_stress" name="test_unauthenticated_blocked" time="0.005" /><testcase classname="tests.test_secure_pii" name="test_offline_vin_decoding_bmw" time="0.000" /><testcase classname="tests.test_secure_pii" name="test_offline_vin_decoding_invalid_length" time="0.000" /><testcase classname="tests.test_secure_pii" name="test_secure_pre_parse_masks_vin_and_pii" time="0.000" /><testcase classname="tests.test_secure_pii" name="test_parse_request_with_llm_masks_pii" time="0.000" /><testcase classname="tests.test_secure_pii" name="test_structured_logger_masks_pii" time="0.001" /><testcase classname="tests.test_secure_upload" name="test_exe_rejected" time="0.000" /><testcase classname="tests.test_secure_upload" name="test_sh_rejected" time="0.000" /><testcase classname="tests.test_secure_upload" name="test_double_extension_rejected" time="0.000" /><testcase classname="tests.test_secure_upload" name="test_path_traversal_rejected" time="0.000" /><testcase classname="tests.test_secure_upload" name="test_fake_pdf_rejected" time="0.000" /><testcase classname="tests.test_secure_upload" name="test_valid_png_accepted" time="0.000" /><testcase classname="tests.test_secure_upload" name="test_oversized_rejected" time="0.011" /><testcase classname="tests.test_secure_upload" name="test_empty_file_rejected" time="0.000" /><testcase classname="tests.test_secure_upload" name="test_valid_csv_accepted" time="0.000" /><testcase classname="tests.test_state_machine.TestStateMachineTransitions" name="test_new_to_normalizing_allowed" time="0.000" /><testcase classname="tests.test_state_machine.TestStateMachineTransitions" name="test_new_to_cancelled_allowed" time="0.000" /><testcase classname="tests.test_state_machine.TestStateMachineTransitions" name="test_new_to_paid_forbidden" time="0.000" /><testcase classname="tests.test_state_machine.TestStateMachineTransitions" name="test_closed_is_terminal" time="0.000" /><testcase classname="tests.test_state_machine.TestStateMachineTransitions" name="test_new_is_not_terminal" time="0.000" /><testcase classname="tests.test_state_machine.TestStateMachineTransitions" name="test_full_happy_path" time="0.000" /><testcase classname="tests.test_state_machine.TestStateMachineTransitions" name="test_transition_function_returns_new_state" time="0.000" /><testcase classname="tests.test_state_machine.TestStateMachineTransitions" name="test_transition_function_raises_on_invalid" time="0.000" /><testcase classname="tests.test_state_machine.TestStateMachineTransitions" name="test_get_allowed_next_for_new" time="0.000" /><testcase classname="tests.test_state_machine.TestStateMachineTransitions" name="test_invoice_drafted_invariant_missing_evidence" time="0.000" /><testcase classname="tests.test_state_machine.TestStateMachineTransitions" name="test_closed_invariant_requires_audit_chain" time="0.000" /><testcase classname="tests.test_state_machine.TestStateMachineTransitions" name="test_closed_invariant_passes_with_audit_chain" time="0.000" /><testcase classname="tests.test_tamper_detection" name="test_tamper_detection_breaks_chain" time="0.007" /><testcase classname="tests.test_tamper_detection" name="test_chain_break_detection" time="0.006" /></testsuite></testsuites>